<?xml version="1.0" encoding="UTF-8"?>
<coverage generated="1626307487994" clover="3.2.0">
  <project timestamp="1626307487994" name="All files">
    <metrics statements="28" coveredstatements="28" conditionals="14" coveredconditionals="14" methods="2" coveredmethods="2" elements="44" coveredelements="44" complexity="0" loc="28" ncloc="28" packages="1" files="1" classes="1"/>
    <file name="fizzbuzz.js" path="/home/enrique/development/fizzbuzz/fizzbuzz.js">
      <metrics statements="28" coveredstatements="28" conditionals="14" coveredconditionals="14" methods="2" coveredmethods="2"/>
      <line num="1" count="1" type="cond" truecount="1" falsecount="0"/>
      <line num="2" count="22" type="cond" truecount="1" falsecount="0"/>
      <line num="3" count="1" type="stmt"/>
      <line num="4" count="1" type="stmt"/>
      <line num="5" count="22" type="cond" truecount="2" falsecount="0"/>
      <line num="6" count="2" type="stmt"/>
      <line num="7" count="2" type="stmt"/>
      <line num="8" count="22" type="cond" truecount="3" falsecount="0"/>
      <line num="9" count="2" type="stmt"/>
      <line num="10" count="2" type="stmt"/>
      <line num="11" count="22" type="cond" truecount="2" falsecount="0"/>
      <line num="12" count="5" type="stmt"/>
      <line num="13" count="5" type="stmt"/>
      <line num="14" count="22" type="cond" truecount="2" falsecount="0"/>
      <line num="15" count="3" type="stmt"/>
      <line num="16" count="3" type="stmt"/>
      <line num="17" count="9" type="cond" truecount="1" falsecount="0"/>
      <line num="18" count="9" type="stmt"/>
      <line num="19" count="1" type="stmt"/>
      <line num="20" count="1" type="cond" truecount="1" falsecount="0"/>
      <line num="21" count="1" type="cond" truecount="1" falsecount="0"/>
      <line num="22" count="17" type="stmt"/>
      <line num="23" count="17" type="stmt"/>
      <line num="24" count="1" type="stmt"/>
      <line num="25" count="1" type="stmt"/>
      <line num="26" count="1" type="stmt"/>
      <line num="27" count="1" type="stmt"/>
      <line num="28" count="1" type="stmt"/>
    </file>
  </project>
</coverage>
