{"/home/enrique/development/fizzbuzz/fizzbuzz.js": {"path":"/home/enrique/development/fizzbuzz/fizzbuzz.js","all":false,"statementMap":{"0":{"start":{"line":1,"column":0},"end":{"line":1,"column":25}},"1":{"start":{"line":2,"column":0},"end":{"line":2,"column":31}},"2":{"start":{"line":3,"column":0},"end":{"line":3,"column":37}},"3":{"start":{"line":4,"column":0},"end":{"line":4,"column":2}},"4":{"start":{"line":5,"column":0},"end":{"line":5,"column":17}},"5":{"start":{"line":6,"column":0},"end":{"line":6,"column":12}},"6":{"start":{"line":7,"column":0},"end":{"line":7,"column":2}},"7":{"start":{"line":8,"column":0},"end":{"line":8,"column":38}},"8":{"start":{"line":9,"column":0},"end":{"line":9,"column":19}},"9":{"start":{"line":10,"column":0},"end":{"line":10,"column":2}},"10":{"start":{"line":11,"column":0},"end":{"line":11,"column":21}},"11":{"start":{"line":12,"column":0},"end":{"line":12,"column":15}},"12":{"start":{"line":13,"column":0},"end":{"line":13,"column":2}},"13":{"start":{"line":14,"column":0},"end":{"line":14,"column":21}},"14":{"start":{"line":15,"column":0},"end":{"line":15,"column":15}},"15":{"start":{"line":16,"column":0},"end":{"line":16,"column":2}},"16":{"start":{"line":17,"column":0},"end":{"line":17,"column":11}},"17":{"start":{"line":18,"column":0},"end":{"line":18,"column":1}},"18":{"start":{"line":19,"column":0},"end":{"line":19,"column":0}},"19":{"start":{"line":20,"column":0},"end":{"line":20,"column":22}},"20":{"start":{"line":21,"column":0},"end":{"line":21,"column":33}},"21":{"start":{"line":22,"column":0},"end":{"line":22,"column":37}},"22":{"start":{"line":23,"column":0},"end":{"line":23,"column":2}},"23":{"start":{"line":24,"column":0},"end":{"line":24,"column":1}},"24":{"start":{"line":25,"column":0},"end":{"line":25,"column":0}},"25":{"start":{"line":26,"column":0},"end":{"line":26,"column":9}},"26":{"start":{"line":27,"column":0},"end":{"line":27,"column":0}},"27":{"start":{"line":28,"column":0},"end":{"line":28,"column":25}}},"s":{"0":1,"1":22,"2":1,"3":1,"4":22,"5":2,"6":2,"7":22,"8":2,"9":2,"10":22,"11":5,"12":5,"13":22,"14":3,"15":3,"16":9,"17":9,"18":1,"19":1,"20":1,"21":17,"22":17,"23":1,"24":1,"25":1,"26":1,"27":1},"branchMap":{"0":{"type":"branch","line":1,"loc":{"start":{"line":1,"column":17},"end":{"line":18,"column":1}},"locations":[{"start":{"line":1,"column":17},"end":{"line":18,"column":1}}]},"1":{"type":"branch","line":2,"loc":{"start":{"line":2,"column":30},"end":{"line":4,"column":2}},"locations":[{"start":{"line":2,"column":30},"end":{"line":4,"column":2}}]},"2":{"type":"branch","line":5,"loc":{"start":{"line":5,"column":-1},"end":{"line":5,"column":5}},"locations":[{"start":{"line":5,"column":-1},"end":{"line":5,"column":5}}]},"3":{"type":"branch","line":5,"loc":{"start":{"line":5,"column":16},"end":{"line":7,"column":2}},"locations":[{"start":{"line":5,"column":16},"end":{"line":7,"column":2}}]},"4":{"type":"branch","line":8,"loc":{"start":{"line":8,"column":-1},"end":{"line":8,"column":8}},"locations":[{"start":{"line":8,"column":-1},"end":{"line":8,"column":8}}]},"5":{"type":"branch","line":8,"loc":{"start":{"line":8,"column":5},"end":{"line":8,"column":37}},"locations":[{"start":{"line":8,"column":5},"end":{"line":8,"column":37}}]},"6":{"type":"branch","line":8,"loc":{"start":{"line":8,"column":37},"end":{"line":10,"column":2}},"locations":[{"start":{"line":8,"column":37},"end":{"line":10,"column":2}}]},"7":{"type":"branch","line":11,"loc":{"start":{"line":11,"column":-1},"end":{"line":11,"column":5}},"locations":[{"start":{"line":11,"column":-1},"end":{"line":11,"column":5}}]},"8":{"type":"branch","line":11,"loc":{"start":{"line":11,"column":20},"end":{"line":13,"column":2}},"locations":[{"start":{"line":11,"column":20},"end":{"line":13,"column":2}}]},"9":{"type":"branch","line":14,"loc":{"start":{"line":14,"column":-1},"end":{"line":14,"column":5}},"locations":[{"start":{"line":14,"column":-1},"end":{"line":14,"column":5}}]},"10":{"type":"branch","line":14,"loc":{"start":{"line":14,"column":20},"end":{"line":16,"column":2}},"locations":[{"start":{"line":14,"column":20},"end":{"line":16,"column":2}}]},"11":{"type":"branch","line":17,"loc":{"start":{"line":17,"column":-1},"end":{"line":18,"column":1}},"locations":[{"start":{"line":17,"column":-1},"end":{"line":18,"column":1}}]},"12":{"type":"branch","line":20,"loc":{"start":{"line":20,"column":14},"end":{"line":24,"column":1}},"locations":[{"start":{"line":20,"column":14},"end":{"line":24,"column":1}}]},"13":{"type":"branch","line":21,"loc":{"start":{"line":21,"column":32},"end":{"line":23,"column":2}},"locations":[{"start":{"line":21,"column":32},"end":{"line":23,"column":2}}]}},"b":{"0":[22],"1":[1],"2":[21],"3":[2],"4":[19],"5":[7],"6":[2],"7":[17],"8":[5],"9":[12],"10":[3],"11":[9],"12":[1],"13":[17]},"fnMap":{"0":{"name":"fizzbuzz","decl":{"start":{"line":1,"column":17},"end":{"line":18,"column":1}},"loc":{"start":{"line":1,"column":17},"end":{"line":18,"column":1}},"line":1},"1":{"name":"print","decl":{"start":{"line":20,"column":14},"end":{"line":24,"column":1}},"loc":{"start":{"line":20,"column":14},"end":{"line":24,"column":1}},"line":20}},"f":{"0":22,"1":1}}
}
