TN:
SF:fizzbuzz.js
FN:1,fizzbuzz
FN:20,print
FNF:2
FNH:2
FNDA:22,fizzbuzz
FNDA:1,print
DA:1,1
DA:2,22
DA:3,1
DA:4,1
DA:5,22
DA:6,2
DA:7,2
DA:8,22
DA:9,2
DA:10,2
DA:11,22
DA:12,5
DA:13,5
DA:14,22
DA:15,3
DA:16,3
DA:17,9
DA:18,9
DA:19,1
DA:20,1
DA:21,1
DA:22,17
DA:23,17
DA:24,1
DA:25,1
DA:26,1
DA:27,1
DA:28,1
LF:28
LH:28
BRDA:1,0,0,22
BRDA:2,1,0,1
BRDA:5,2,0,21
BRDA:5,3,0,2
BRDA:8,4,0,19
BRDA:8,5,0,7
BRDA:8,6,0,2
BRDA:11,7,0,17
BRDA:11,8,0,5
BRDA:14,9,0,12
BRDA:14,10,0,3
BRDA:17,11,0,9
BRDA:20,12,0,1
BRDA:21,13,0,17
BRF:14
BRH:14
end_of_record
